E:\proyectos\oficina\inventario\correo.py changed, reloading.
Watching for file changes with StatReloader
E:\proyectos\oficina\inventario\views.py changed, reloading.
Watching for file changes with StatReloader
Not Found: /favicon.ico
Not Found: /favicon.ico
E:\proyectos\oficina\inventario\forms.py changed, reloading.
Watching for file changes with StatReloader
Not Found: /favicon.ico
E:\proyectos\oficina\inventario\views.py changed, reloading.
Watching for file changes with StatReloader
E:\proyectos\oficina\inventario\correo.py changed, reloading.
Watching for file changes with StatReloader
E:\proyectos\oficina\inventario\correo.py changed, reloading.
Watching for file changes with StatReloader
E:\proyectos\oficina\inventario\correo.py changed, reloading.
Watching for file changes with StatReloader
E:\proyectos\oficina\inventario\views.py changed, reloading.
Watching for file changes with StatReloader
E:\proyectos\oficina\inventario\views.py changed, reloading.
Watching for file changes with StatReloader
E:\proyectos\oficina\inventario\views.py changed, reloading.
Watching for file changes with StatReloader
Not Found: /favicon.ico
Not Found: /favicon.ico
E:\proyectos\oficina\inventario\views.py changed, reloading.
Watching for file changes with StatReloader
E:\proyectos\oficina\inventario\views.py changed, reloading.
Watching for file changes with StatReloader
Watching for file changes with StatReloader
Not Found: /favicon.ico
E:\proyectos\oficina\inventario\views.py changed, reloading.
Watching for file changes with StatReloader
Not Found: /favicon.ico
Not Found: /favicon.ico
Watching for file changes with StatReloader
Not Found: /favicon.ico
Not Found: /accounts/login/
Not Found: /favicon.ico
